<?xml version="1.0" encoding="UTF-8"?>
<!-- Generated by org.testng.reporters.JUnitReportReporter -->
<testsuite hostname="W2132852" failures="0" tests="3" name="TestNGAutomation.Audit_Tab" time="123.968" errors="0" timestamp="2022-12-26T12:53:56 IST" skipped="0">
  <testcase classname="TestNGAutomation.Audit_Tab" name="AuditTab" time="26.623"/>
  <system-out>
    <![CDATA[https://ticket-timeline-cert.cerner.com/-/audits]]>
  </system-out>
  <testcase classname="TestNGAutomation.Audit_Tab" name="CreatingtheAuditTicket" time="34.585"/>
  <system-out/>
  <testcase classname="TestNGAutomation.Audit_Tab" name="LoadAuditTicket" time="62.760"/>
  <system-out/>
</testsuite> <!-- TestNGAutomation.Audit_Tab -->
