<?xml version="1.0" encoding="UTF-8"?>
<!-- Generated by org.testng.reporters.JUnitReportReporter -->
<testsuite hostname="W2132852" failures="0" tests="2" name="TestNGAutomation.Audit_Tab" time="70.049" errors="0" timestamp="2022-12-26T00:39:57 IST" skipped="0">
  <testcase classname="TestNGAutomation.Audit_Tab" name="AuditTab" time="23.960"/>
  <system-out>
    <![CDATA[https://ticket-timeline-cert.cerner.com/-/audits]]>
  </system-out>
  <testcase classname="TestNGAutomation.Audit_Tab" name="CreatingtheAuditTicket" time="46.089"/>
  <system-out/>
</testsuite> <!-- TestNGAutomation.Audit_Tab -->
